<?xml version='1.0' encoding='UTF-8'?>
<testsuite hostname="PCANNSZCL1" name="fireworks.FireworksSuite" tests="12" errors="0" failures="7" skipped="0" time="0.705" timestamp="2022-01-23T11:15:22">
          <properties>
[...]
</properties>
          <testcase classname="fireworks.FireworksSuite" name="'Firework.next' returns 'Done' when given 'Done' `" time="0.101">
                      
                    </testcase><testcase classname="fireworks.FireworksSuite" name="'Firework.next' returns 'Waiting' or 'Launched' when given 'Waiting'" time="0.342">
                      
                    </testcase><testcase classname="fireworks.FireworksSuite" name="'Firework.next' returns 'Launched' or 'Exploding' when given 'Launched'" time="0.037">
                      
                    </testcase><testcase classname="fireworks.FireworksSuite" name="'Firework.next' returns 'Exploding' or 'Done' when given 'Exploding'" time="0.169">
                      
                    </testcase><testcase classname="fireworks.FireworksSuite" name="Operation 'next' on class 'Waiting' should return the same 'Waiting' value with a decremented 'countDown' until it is zero or negative" time="0.026">
                      
                    </testcase><testcase classname="fireworks.FireworksSuite" name="Operation 'next' on class 'Waiting' should return a 'Launched' value if the 'countDown' is zero or negative" time="0.012">
                      <failure message="java.lang.AssertionError: An exception was thrown during property evaluation: scala.NotImplementedError: an implementation is missing" type="sbt.ForkMain$ForkError">sbt.ForkMain$ForkError: java.lang.AssertionError: An exception was thrown during property evaluation: scala.NotImplementedError: an implementation is missing
	at fireworks.FireworksSuite.failure$1(FireworksSuite.scala:168)
	at fireworks.FireworksSuite.checkProperty(FireworksSuite.scala:174)
	at fireworks.FireworksSuite.property$$anonfun$1(FireworksSuite.scala:162)
	at scala.runtime.java8.JFunction0$mcV$sp.apply(JFunction0$mcV$sp.scala:18)
</failure>
                    </testcase><testcase classname="fireworks.FireworksSuite" name="Operation 'next' on class 'Launched' should return a 'Launched' value with a decremented 'countDown' until it is zero or negative" time="0.004">
                      <failure message="java.lang.AssertionError: An exception was thrown during property evaluation: scala.NotImplementedError: an implementation is missing" type="sbt.ForkMain$ForkError">sbt.ForkMain$ForkError: java.lang.AssertionError: An exception was thrown during property evaluation: scala.NotImplementedError: an implementation is missing
	at fireworks.FireworksSuite.failure$1(FireworksSuite.scala:168)
	at fireworks.FireworksSuite.checkProperty(FireworksSuite.scala:174)
	at fireworks.FireworksSuite.property$$anonfun$1(FireworksSuite.scala:162)
	at scala.runtime.java8.JFunction0$mcV$sp.apply(JFunction0$mcV$sp.scala:18)
</failure>
                    </testcase><testcase classname="fireworks.FireworksSuite" name="Operation 'next' on class 'Launched' should return a 'Launched' value with an updated 'position' until the 'countDown' is zero or negative" time="0.003">
                      <failure message="java.lang.AssertionError: An exception was thrown during property evaluation: scala.NotImplementedError: an implementation is missing" type="sbt.ForkMain$ForkError">sbt.ForkMain$ForkError: java.lang.AssertionError: An exception was thrown during property evaluation: scala.NotImplementedError: an implementation is missing
	at fireworks.FireworksSuite.failure$1(FireworksSuite.scala:168)
	at fireworks.FireworksSuite.checkProperty(FireworksSuite.scala:174)
	at fireworks.FireworksSuite.property$$anonfun$1(FireworksSuite.scala:162)
	at scala.runtime.java8.JFunction0$mcV$sp.apply(JFunction0$mcV$sp.scala:18)
</failure>
                    </testcase><testcase classname="fireworks.FireworksSuite" name="Operation 'next' on class 'Launched' should return an 'Exploding' value if the 'countDown' is zero or negative" time="0.003">
                      <failure message="java.lang.AssertionError: An exception was thrown during property evaluation: scala.NotImplementedError: an implementation is missing" type="sbt.ForkMain$ForkError">sbt.ForkMain$ForkError: java.lang.AssertionError: An exception was thrown during property evaluation: scala.NotImplementedError: an implementation is missing
	at fireworks.FireworksSuite.failure$1(FireworksSuite.scala:168)
	at fireworks.FireworksSuite.checkProperty(FireworksSuite.scala:174)
	at fireworks.FireworksSuite.property$$anonfun$1(FireworksSuite.scala:162)
	at scala.runtime.java8.JFunction0$mcV$sp.apply(JFunction0$mcV$sp.scala:18)
</failure>
                    </testcase><testcase classname="fireworks.FireworksSuite" name="Operation 'next' on class 'Exploding' should return an 'Exploding' value with a decremented 'countDown' until it is zero or negative" time="0.002">
                      <failure message="java.lang.AssertionError: An exception was thrown during property evaluation: scala.NotImplementedError: an implementation is missing" type="sbt.ForkMain$ForkError">sbt.ForkMain$ForkError: java.lang.AssertionError: An exception was thrown during property evaluation: scala.NotImplementedError: an implementation is missing
	at fireworks.FireworksSuite.failure$1(FireworksSuite.scala:168)
	at fireworks.FireworksSuite.checkProperty(FireworksSuite.scala:174)
	at fireworks.FireworksSuite.property$$anonfun$1(FireworksSuite.scala:162)
	at scala.runtime.java8.JFunction0$mcV$sp.apply(JFunction0$mcV$sp.scala:18)
</failure>
                    </testcase><testcase classname="fireworks.FireworksSuite" name="Operation 'next' on class 'Exploding' should return a 'Done' value if the 'countDown' is zero or negative" time="0.004">
                      <failure message="java.lang.AssertionError: An exception was thrown during property evaluation: scala.NotImplementedError: an implementation is missing" type="sbt.ForkMain$ForkError">sbt.ForkMain$ForkError: java.lang.AssertionError: An exception was thrown during property evaluation: scala.NotImplementedError: an implementation is missing
	at fireworks.FireworksSuite.failure$1(FireworksSuite.scala:168)
	at fireworks.FireworksSuite.checkProperty(FireworksSuite.scala:174)
	at fireworks.FireworksSuite.property$$anonfun$1(FireworksSuite.scala:162)
	at scala.runtime.java8.JFunction0$mcV$sp.apply(JFunction0$mcV$sp.scala:18)
</failure>
                    </testcase><testcase classname="fireworks.FireworksSuite" name="Operation 'next' on class 'Particle' should return a 'Particle' value that has moved" time="0.002">
                      <failure message="java.lang.AssertionError: An exception was thrown during property evaluation: scala.NotImplementedError: an implementation is missing" type="sbt.ForkMain$ForkError">sbt.ForkMain$ForkError: java.lang.AssertionError: An exception was thrown during property evaluation: scala.NotImplementedError: an implementation is missing
	at fireworks.FireworksSuite.failure$1(FireworksSuite.scala:168)
	at fireworks.FireworksSuite.checkProperty(FireworksSuite.scala:174)
	at fireworks.FireworksSuite.property$$anonfun$1(FireworksSuite.scala:162)
	at scala.runtime.java8.JFunction0$mcV$sp.apply(JFunction0$mcV$sp.scala:18)
</failure>
                    </testcase>
          <system-out><![CDATA[]]></system-out>
          <system-err><![CDATA[]]></system-err>
        </testsuite>